<?xml version="1.0" encoding="UTF-8"?>
<testng-results skipped="0" failed="0" total="2" passed="2">
  <reporter-output>
  </reporter-output>
  <suite name="Default suite" duration-ms="55" started-at="2021-08-02T10:00:36Z" finished-at="2021-08-02T10:00:36Z">
    <groups>
    </groups>
    <test name="Default test" duration-ms="55" started-at="2021-08-02T10:00:36Z" finished-at="2021-08-02T10:00:36Z">
      <class name="Selenium1.CalculatorTest">
        <test-method status="PASS" signature="SetupBeforeClass()[pri:0, instance:Selenium1.CalculatorTest@7a92922]" name="SetupBeforeClass" is-config="true" duration-ms="17" started-at="2021-08-02T15:30:36Z" finished-at="2021-08-02T15:30:36Z">
          <reporter-output>
          </reporter-output>
        </test-method> <!-- SetupBeforeClass -->
        <test-method status="PASS" signature="testMul()[pri:0, instance:Selenium1.CalculatorTest@7a92922]" name="testMul" duration-ms="11" started-at="2021-08-02T15:30:36Z" finished-at="2021-08-02T15:30:36Z">
          <reporter-output>
          </reporter-output>
        </test-method> <!-- testMul -->
        <test-method status="PASS" signature="testSub()[pri:0, instance:Selenium1.CalculatorTest@7a92922]" name="testSub" duration-ms="2" started-at="2021-08-02T15:30:36Z" finished-at="2021-08-02T15:30:36Z">
          <reporter-output>
          </reporter-output>
        </test-method> <!-- testSub -->
        <test-method status="PASS" signature="SetupAfterClass()[pri:0, instance:Selenium1.CalculatorTest@7a92922]" name="SetupAfterClass" is-config="true" duration-ms="0" started-at="2021-08-02T15:30:36Z" finished-at="2021-08-02T15:30:36Z">
          <reporter-output>
          </reporter-output>
        </test-method> <!-- SetupAfterClass -->
      </class> <!-- Selenium1.CalculatorTest -->
    </test> <!-- Default test -->
  </suite> <!-- Default suite -->
</testng-results>
